0 info it worked if it ends with ok
1 verbose cli [ 'node', '/usr/local/bin/npm', 'install', '-g', 'ios-sim' ]
2 info using npm@1.3.8
3 info using node@v0.10.18
4 verbose cache add [ 'ios-sim', null ]
5 verbose cache add name=undefined spec="ios-sim" args=["ios-sim",null]
6 verbose parsed url { protocol: null,
6 verbose parsed url   slashes: null,
6 verbose parsed url   auth: null,
6 verbose parsed url   host: null,
6 verbose parsed url   port: null,
6 verbose parsed url   hostname: null,
6 verbose parsed url   hash: null,
6 verbose parsed url   search: null,
6 verbose parsed url   query: null,
6 verbose parsed url   pathname: 'ios-sim',
6 verbose parsed url   path: 'ios-sim',
6 verbose parsed url   href: 'ios-sim' }
7 silly lockFile 6af69284-ios-sim ios-sim
8 verbose lock ios-sim /Users/oleg/.npm/6af69284-ios-sim.lock
9 silly lockFile 6af69284-ios-sim ios-sim
10 silly lockFile 6af69284-ios-sim ios-sim
11 verbose addNamed [ 'ios-sim', '' ]
12 verbose addNamed [ null, '*' ]
13 silly lockFile 03dce7cc-ios-sim ios-sim@
14 verbose lock ios-sim@ /Users/oleg/.npm/03dce7cc-ios-sim.lock
15 silly addNameRange { name: 'ios-sim', range: '*', hasData: false }
16 verbose url raw ios-sim
17 verbose url resolving [ 'https://registry.npmjs.org/', './ios-sim' ]
18 verbose url resolved https://registry.npmjs.org/ios-sim
19 info trying registry request attempt 1 at 10:50:20
20 verbose etag "1KWQVT398BRH7APGXEP64BZX5"
21 http GET https://registry.npmjs.org/ios-sim
22 http 304 https://registry.npmjs.org/ios-sim
23 silly registry.get cb [ 304,
23 silly registry.get   { date: 'Sun, 02 Feb 2014 08:50:17 GMT',
23 silly registry.get     server: 'Apache',
23 silly registry.get     connection: 'Keep-Alive',
23 silly registry.get     'keep-alive': 'timeout=10, max=50',
23 silly registry.get     etag: '"1KWQVT398BRH7APGXEP64BZX5"',
23 silly registry.get     'cache-control': 'max-age=1',
23 silly registry.get     vary: 'Accept' } ]
24 verbose etag ios-sim from cache
25 silly addNameRange number 2 { name: 'ios-sim', range: '*', hasData: true }
26 silly addNameRange versions [ 'ios-sim', [ '1.8.0', '1.8.1', '1.8.2' ] ]
27 verbose addNamed [ 'ios-sim', '1.8.2' ]
28 verbose addNamed [ '1.8.2', '1.8.2' ]
29 silly lockFile 6feb539f-ios-sim-1-8-2 ios-sim@1.8.2
30 verbose lock ios-sim@1.8.2 /Users/oleg/.npm/6feb539f-ios-sim-1-8-2.lock
31 silly lockFile 6feb539f-ios-sim-1-8-2 ios-sim@1.8.2
32 silly lockFile 6feb539f-ios-sim-1-8-2 ios-sim@1.8.2
33 silly lockFile 03dce7cc-ios-sim ios-sim@
34 silly lockFile 03dce7cc-ios-sim ios-sim@
35 silly resolved [ { name: 'ios-sim',
35 silly resolved     version: '1.8.2',
35 silly resolved     description: 'launch iOS apps into the iOS Simulator from the command line (Xcode 4)',
35 silly resolved     main: 'ios-sim',
35 silly resolved     scripts: { preinstall: 'rake build' },
35 silly resolved     bin: { 'ios-sim': 'build/Release/ios-sim' },
35 silly resolved     repository: { type: 'git', url: 'https://github.com/phonegap/ios-sim' },
35 silly resolved     keywords: [ 'ios-sim', 'iOS Simulator' ],
35 silly resolved     author: { name: 'Landon Fuller, Jeff Haynie, Eloy Duran, Shazron Abdullah' },
35 silly resolved     license: 'MIT',
35 silly resolved     readme: 'ios-sim\n=======\n\nThe ios-sim tool is a command-line utility that launches an iOS application on\nthe iOS Simulator. This allows for niceties such as automated testing without\nhaving to open XCode.\n\nFeatures\n--------\n\n* Choose the device family to simulate, i.e. iPhone or iPad.\n* Setup environment variables.\n* Pass arguments to the application.\n* See the stdout and stderr, or redirect them to files.\n\nSee the `--help` option for more info.\n\nInstallation\n------------\n\nThrough homebrew:\n\n    $ brew install ios-sim\n\nDownload an archive:\n\n    $ curl -L https://github.com/phonegap/ios-sim/zipball/1.8 -o ios-sim-1.8.zip\n    $ unzip ios-sim-1.8.zip\n\nOr from a git clone:\n\n    $ git clone git://github.com/phonegap/ios-sim.git\n\nThen build and install from the source root:\n\n    $ rake install prefix=/usr/local/\n\ntmux\n-----\n\nTo get ios-sim to launch correctly within tmux use the reattach-to-user-namespace wrapper.\n\n```\nreattach-to-user-namespace ios-sim launch ./build/MyTestApp.app\n```\n*source:* https://github.com/ChrisJohnsen/tmux-MacOSX-pasteboard\n\n*brew:*  ```brew install reattach-to-user-namespace```\n\nLicense\n-------\n\nOriginal author: Landon Fuller <landonf@plausiblelabs.com>\nCopyright (c) 2008-2011 Plausible Labs Cooperative, Inc.\nAll rights reserved.\n\nThis project is available under the MIT license. See [LICENSE][license].\n\n[license]: https://github.com/Fingertips/ios-sim/blob/master/LICENSE\n',
35 silly resolved     readmeFilename: 'README.md',
35 silly resolved     bugs: { url: 'https://github.com/phonegap/ios-sim/issues' },
35 silly resolved     _id: 'ios-sim@1.8.2',
35 silly resolved     _from: 'ios-sim@' } ]
36 info install ios-sim@1.8.2 into /usr/local/lib
37 info installOne ios-sim@1.8.2
38 info /usr/local/lib/node_modules/ios-sim unbuild
39 verbose tar unpack /Users/oleg/.npm/ios-sim/1.8.2/package.tgz
40 silly lockFile 5027580f-r-local-lib-node-modules-ios-sim tar:///usr/local/lib/node_modules/ios-sim
41 verbose lock tar:///usr/local/lib/node_modules/ios-sim /Users/oleg/.npm/5027580f-r-local-lib-node-modules-ios-sim.lock
42 silly lockFile 0453c7e7-eg-npm-ios-sim-1-8-2-package-tgz tar:///Users/oleg/.npm/ios-sim/1.8.2/package.tgz
43 verbose lock tar:///Users/oleg/.npm/ios-sim/1.8.2/package.tgz /Users/oleg/.npm/0453c7e7-eg-npm-ios-sim-1-8-2-package-tgz.lock
44 silly gunzTarPerm modes [ '755', '644' ]
45 error Error: EACCES, mkdir '/usr/local/lib/node_modules/ios-sim'
45 error  { [Error: EACCES, mkdir '/usr/local/lib/node_modules/ios-sim']
45 error   errno: 3,
45 error   code: 'EACCES',
45 error   path: '/usr/local/lib/node_modules/ios-sim',
45 error   fstream_type: 'Directory',
45 error   fstream_path: '/usr/local/lib/node_modules/ios-sim',
45 error   fstream_class: 'DirWriter',
45 error   fstream_stack:
45 error    [ '/usr/local/lib/node_modules/npm/node_modules/fstream/lib/dir-writer.js:36:23',
45 error      '/usr/local/lib/node_modules/npm/node_modules/mkdirp/index.js:37:53',
45 error      'Object.oncomplete (fs.js:107:15)' ] }
46 error Please try running this command again as root/Administrator.
47 error System Darwin 12.5.0
48 error command "node" "/usr/local/bin/npm" "install" "-g" "ios-sim"
49 error cwd /Users/oleg/git/phonegap/myapp
50 error node -v v0.10.18
51 error npm -v 1.3.8
52 error path /usr/local/lib/node_modules/ios-sim
53 error fstream_path /usr/local/lib/node_modules/ios-sim
54 error fstream_type Directory
55 error fstream_class DirWriter
56 error code EACCES
57 error errno 3
58 error stack Error: EACCES, mkdir '/usr/local/lib/node_modules/ios-sim'
59 error fstream_stack /usr/local/lib/node_modules/npm/node_modules/fstream/lib/dir-writer.js:36:23
59 error fstream_stack /usr/local/lib/node_modules/npm/node_modules/mkdirp/index.js:37:53
59 error fstream_stack Object.oncomplete (fs.js:107:15)
60 verbose exit [ 3, true ]
